2025-10-05T08:25:18.420Z	Initializing build environment...
2025-10-05T08:25:25.979Z	Success: Finished initializing build environment
2025-10-05T08:25:26.108Z	Cloning repository...
2025-10-05T08:25:27.264Z	Detected the following tools from environment: pnpm@10.11.1, nodejs@22.16.0
2025-10-05T08:25:27.266Z	Restoring from dependencies cache
2025-10-05T08:25:27.269Z	Restoring from build output cache
2025-10-05T08:25:27.368Z	Installing project dependencies: pnpm install --frozen-lockfile
2025-10-05T08:25:28.391Z	Lockfile is up to date, resolution step is skipped
2025-10-05T08:25:28.455Z	Progress: resolved 1, reused 0, downloaded 0, added 0
2025-10-05T08:25:28.567Z	Packages: +915
2025-10-05T08:25:28.568Z	++++++++++++++++++++++++++++++++++++++++++++++++++++++++++++++++++++++++++++++++
2025-10-05T08:25:29.457Z	Progress: resolved 915, reused 0, downloaded 130, added 117
2025-10-05T08:25:30.457Z	Progress: resolved 915, reused 0, downloaded 460, added 454
2025-10-05T08:25:31.457Z	Progress: resolved 915, reused 0, downloaded 587, added 587
2025-10-05T08:25:32.457Z	Progress: resolved 915, reused 0, downloaded 588, added 588
2025-10-05T08:25:33.470Z	Progress: resolved 915, reused 0, downloaded 700, added 688
2025-10-05T08:25:34.486Z	Progress: resolved 915, reused 0, downloaded 723, added 712
2025-10-05T08:25:35.536Z	Progress: resolved 915, reused 0, downloaded 737, added 723
2025-10-05T08:25:36.517Z	Progress: resolved 915, reused 0, downloaded 838, added 838
2025-10-05T08:25:50.966Z	Progress: resolved 915, reused 0, downloaded 839, added 838
2025-10-05T08:25:51.967Z	Progress: resolved 915, reused 0, downloaded 841, added 840
2025-10-05T08:25:52.741Z	Progress: resolved 915, reused 0, downloaded 915, added 915, done
2025-10-05T08:25:52.979Z	.../node_modules/@tailwindcss/oxide postinstall$ node ./scripts/install.js
2025-10-05T08:25:53.001Z	.../sharp@0.34.4/node_modules/sharp install$ node install/check.js
2025-10-05T08:25:53.060Z	.../node_modules/@tailwindcss/oxide postinstall: Done
2025-10-05T08:25:53.115Z	.../sharp@0.34.4/node_modules/sharp install: Done
2025-10-05T08:25:53.223Z	
2025-10-05T08:25:53.224Z	dependencies:
2025-10-05T08:25:53.224Z	+ @eslint/eslintrc 3.3.1
2025-10-05T08:25:53.224Z	+ @hookform/resolvers 3.10.0
2025-10-05T08:25:53.224Z	+ @radix-ui/react-accordion 1.2.12
2025-10-05T08:25:53.224Z	+ @radix-ui/react-alert-dialog 1.1.15
2025-10-05T08:25:53.224Z	+ @radix-ui/react-aspect-ratio 1.1.7
2025-10-05T08:25:53.224Z	+ @radix-ui/react-avatar 1.1.10
2025-10-05T08:25:53.224Z	+ @radix-ui/react-checkbox 1.3.3
2025-10-05T08:25:53.224Z	+ @radix-ui/react-collapsible 1.1.12
2025-10-05T08:25:53.224Z	+ @radix-ui/react-context-menu 2.2.16
2025-10-05T08:25:53.224Z	+ @radix-ui/react-dialog 1.1.15
2025-10-05T08:25:53.225Z	+ @radix-ui/react-dropdown-menu 2.1.16
2025-10-05T08:25:53.225Z	+ @radix-ui/react-hover-card 1.1.15
2025-10-05T08:25:53.225Z	+ @radix-ui/react-label 2.1.7
2025-10-05T08:25:53.225Z	+ @radix-ui/react-menubar 1.1.16
2025-10-05T08:25:53.225Z	+ @radix-ui/react-navigation-menu 1.2.14
2025-10-05T08:25:53.225Z	+ @radix-ui/react-popover 1.1.15
2025-10-05T08:25:53.225Z	+ @radix-ui/react-progress 1.1.7
2025-10-05T08:25:53.225Z	+ @radix-ui/react-radio-group 1.3.8
2025-10-05T08:25:53.225Z	+ @radix-ui/react-scroll-area 1.2.10
2025-10-05T08:25:53.225Z	+ @radix-ui/react-select 2.2.6
2025-10-05T08:25:53.226Z	+ @radix-ui/react-separator 1.1.7
2025-10-05T08:25:53.227Z	+ @radix-ui/react-slider 1.3.6
2025-10-05T08:25:53.227Z	+ @radix-ui/react-slot 1.2.3
2025-10-05T08:25:53.227Z	+ @radix-ui/react-switch 1.2.6
2025-10-05T08:25:53.227Z	+ @radix-ui/react-tabs 1.1.13
2025-10-05T08:25:53.227Z	+ @radix-ui/react-toast 1.2.15
2025-10-05T08:25:53.227Z	+ @radix-ui/react-toggle 1.1.10
2025-10-05T08:25:53.227Z	+ @radix-ui/react-toggle-group 1.1.11
2025-10-05T08:25:53.227Z	+ @radix-ui/react-tooltip 1.2.8
2025-10-05T08:25:53.227Z	+ @react-three/drei 10.7.6
2025-10-05T08:25:53.227Z	+ @react-three/fiber 9.3.0
2025-10-05T08:25:53.227Z	+ @types/three 0.180.0
2025-10-05T08:25:53.227Z	+ @vercel/analytics 1.3.1
2025-10-05T08:25:53.227Z	+ autoprefixer 10.4.21
2025-10-05T08:25:53.227Z	+ class-variance-authority 0.7.1
2025-10-05T08:25:53.227Z	+ clsx 2.1.1
2025-10-05T08:25:53.227Z	+ cmdk 1.0.4
2025-10-05T08:25:53.228Z	+ date-fns 4.1.0
2025-10-05T08:25:53.228Z	+ embla-carousel-react 8.5.1
2025-10-05T08:25:53.228Z	+ expo 54.0.12
2025-10-05T08:25:53.228Z	+ expo-asset 12.0.9
2025-10-05T08:25:53.228Z	+ expo-file-system 19.0.16
2025-10-05T08:25:53.228Z	+ expo-gl 16.0.7
2025-10-05T08:25:53.228Z	+ geist 1.5.1
2025-10-05T08:25:53.228Z	+ input-otp 1.4.1
2025-10-05T08:25:53.228Z	+ leva 0.10.0
2025-10-05T08:25:53.228Z	+ lucide-react 0.454.0
2025-10-05T08:25:53.228Z	+ maath 0.10.8
2025-10-05T08:25:53.228Z	+ next 15.4.7
2025-10-05T08:25:53.228Z	+ next-themes 0.4.6
2025-10-05T08:25:53.228Z	+ path 0.12.7
2025-10-05T08:25:53.228Z	+ r3f-perf 7.2.3
2025-10-05T08:25:53.228Z	+ react 19.2.0
2025-10-05T08:25:53.228Z	+ react-day-picker 9.8.0
2025-10-05T08:25:53.228Z	+ react-dom 19.2.0
2025-10-05T08:25:53.228Z	+ react-hook-form 7.64.0
2025-10-05T08:25:53.228Z	+ react-native 0.81.4
2025-10-05T08:25:53.228Z	+ react-resizable-panels 2.1.9
2025-10-05T08:25:53.228Z	+ recharts 2.15.4
2025-10-05T08:25:53.228Z	+ sonner 1.7.4
2025-10-05T08:25:53.229Z	+ tailwind-merge 2.6.0
2025-10-05T08:25:53.229Z	+ tailwindcss-animate 1.0.7
2025-10-05T08:25:53.229Z	+ three 0.180.0
2025-10-05T08:25:53.229Z	+ url 0.11.4
2025-10-05T08:25:53.229Z	+ vaul 1.1.2
2025-10-05T08:25:53.229Z	+ zod 3.25.67
2025-10-05T08:25:53.229Z	
2025-10-05T08:25:53.229Z	devDependencies:
2025-10-05T08:25:53.229Z	+ @tailwindcss/postcss 4.1.14
2025-10-05T08:25:53.229Z	+ @types/node 22.18.8
2025-10-05T08:25:53.229Z	+ @types/react 19.2.0
2025-10-05T08:25:53.229Z	+ @types/react-dom 19.2.0
2025-10-05T08:25:53.229Z	+ postcss 8.5.6
2025-10-05T08:25:53.229Z	+ tailwindcss 4.1.14
2025-10-05T08:25:53.229Z	+ tw-animate-css 1.3.3
2025-10-05T08:25:53.229Z	+ typescript 5.9.3
2025-10-05T08:25:53.229Z	
2025-10-05T08:25:53.241Z	Done in 25.3s
2025-10-05T08:25:53.323Z	Executing user build command: pnpm run build
2025-10-05T08:25:53.708Z	
2025-10-05T08:25:53.709Z	> my-v0-project@0.1.0 build /opt/buildhome/repo
2025-10-05T08:25:53.709Z	> next build
2025-10-05T08:25:53.709Z	
2025-10-05T08:25:57.243Z	âš  No build cache found. Please configure build caching for faster rebuilds. Read more: https://nextjs.org/docs/messages/no-cache
2025-10-05T08:25:57.247Z	Attention: Next.js now collects completely anonymous telemetry regarding usage.
2025-10-05T08:25:57.247Z	This information is used to shape Next.js' roadmap and prioritize features.
2025-10-05T08:25:57.247Z	You can learn more, including how to opt-out if you'd not like to participate in this anonymous program, by visiting the following URL:
2025-10-05T08:25:57.247Z	https://nextjs.org/telemetry
2025-10-05T08:25:57.247Z	
2025-10-05T08:25:57.304Z	   â–² Next.js 15.4.7
2025-10-05T08:25:57.305Z	
2025-10-05T08:25:57.360Z	   Creating an optimized production build ...
2025-10-05T08:26:19.607Z	 âœ“ Compiled successfully in 12.0s
2025-10-05T08:26:19.611Z	   Skipping validation of types
2025-10-05T08:26:19.611Z	   Skipping linting
2025-10-05T08:26:19.861Z	   Collecting page data ...
2025-10-05T08:26:21.932Z	   Generating static pages (0/5) ...
2025-10-05T08:26:22.519Z	   Generating static pages (1/5) 
2025-10-05T08:26:22.519Z	   Generating static pages (2/5) 
2025-10-05T08:26:22.523Z	   Generating static pages (3/5) 
2025-10-05T08:26:22.523Z	 âœ“ Generating static pages (5/5)
2025-10-05T08:26:22.933Z	   Finalizing page optimization ...
2025-10-05T08:26:22.933Z	   Collecting build traces ...
2025-10-05T08:26:29.541Z	
2025-10-05T08:26:29.544Z	Route (app)                                 Size  First Load JS
2025-10-05T08:26:29.544Z	â”Œ â—‹ /                                     298 kB         398 kB
2025-10-05T08:26:29.544Z	â”” â—‹ /_not-found                            997 B         101 kB
2025-10-05T08:26:29.544Z	+ First Load JS shared by all            99.6 kB
2025-10-05T08:26:29.544Z	  â”œ chunks/4fe5acac-3c24a6364765f7b2.js  54.1 kB
2025-10-05T08:26:29.544Z	  â”œ chunks/976-3a9c36ee643c1efd.js       43.6 kB
2025-10-05T08:26:29.544Z	  â”” other shared chunks (total)          1.87 kB
2025-10-05T08:26:29.544Z	
2025-10-05T08:26:29.544Z	
2025-10-05T08:26:29.544Z	â—‹  (Static)  prerendered as static content
2025-10-05T08:26:29.545Z	
2025-10-05T08:26:29.603Z	Success: Build command completed
2025-10-05T08:26:29.604Z	Executing user deploy command: npx wrangler pages deploy .next
2025-10-05T08:26:39.763Z	npm warn exec The following package was not found and will be installed: wrangler@4.42.0
2025-10-05T08:26:48.904Z	
2025-10-05T08:26:48.904Z	 â›…ï¸ wrangler 4.42.0
2025-10-05T08:26:48.904Z	â”€â”€â”€â”€â”€â”€â”€â”€â”€â”€â”€â”€â”€â”€â”€â”€â”€â”€â”€
2025-10-05T08:26:49.175Z	
2025-10-05T08:26:49.227Z	âœ˜ [ERROR] A request to the Cloudflare API (/accounts/b21a0d5780d3f958123b2d964e58b015/pages/projects/pathgdn) failed.
2025-10-05T08:26:49.227Z	
2025-10-05T08:26:49.227Z	  Authentication error [code: 10000]
2025-10-05T08:26:49.228Z	
2025-10-05T08:26:49.228Z	
2025-10-05T08:26:49.228Z	ğŸ“ It looks like you are authenticating Wrangler via a custom API token set in an environment variable.
2025-10-05T08:26:49.228Z	Please ensure it has the correct permissions for this operation.
2025-10-05T08:26:49.228Z	
2025-10-05T08:26:49.228Z	Getting User settings...
2025-10-05T08:26:51.297Z	ğŸ‘‹ You are logged in with an User API Token, associated with the email a@n9.au.
2025-10-05T08:26:51.297Z	â„¹ï¸  The API Token is read from the CLOUDFLARE_API_TOKEN environment variable.
2025-10-05T08:26:51.301Z	â”Œâ”€â”€â”€â”€â”€â”€â”€â”€â”€â”€â”€â”€â”€â”€â”€â”€â”€â”€â”€â”¬â”€â”€â”€â”€â”€â”€â”€â”€â”€â”€â”€â”€â”€â”€â”€â”€â”€â”€â”€â”€â”€â”€â”€â”€â”€â”€â”€â”€â”€â”€â”€â”€â”€â”€â”
2025-10-05T08:26:51.301Z	â”‚ Account Name      â”‚ Account ID                       â”‚
2025-10-05T08:26:51.301Z	â”œâ”€â”€â”€â”€â”€â”€â”€â”€â”€â”€â”€â”€â”€â”€â”€â”€â”€â”€â”€â”¼â”€â”€â”€â”€â”€â”€â”€â”€â”€â”€â”€â”€â”€â”€â”€â”€â”€â”€â”€â”€â”€â”€â”€â”€â”€â”€â”€â”€â”€â”€â”€â”€â”€â”€â”¤
2025-10-05T08:26:51.301Z	â”‚ A@n9.au's Account â”‚ b21a0d5780d3f958123b2d964e58b015 â”‚
2025-10-05T08:26:51.301Z	â””â”€â”€â”€â”€â”€â”€â”€â”€â”€â”€â”€â”€â”€â”€â”€â”€â”€â”€â”€â”´â”€â”€â”€â”€â”€â”€â”€â”€â”€â”€â”€â”€â”€â”€â”€â”€â”€â”€â”€â”€â”€â”€â”€â”€â”€â”€â”€â”€â”€â”€â”€â”€â”€â”€â”˜
2025-10-05T08:26:51.301Z	ğŸ”“ To see token permissions visit https://dash.cloudflare.com/profile/api-tokens.
2025-10-05T08:26:51.478Z	ğŸ¢ Membership roles in "A@n9.au's Account": Contact account super admin to change your permissions.
2025-10-05T08:26:51.479Z	- Super Administrator - All Privileges
2025-10-05T08:26:51.494Z	ğŸªµ  Logs were written to "/opt/buildhome/.config/.wrangler/logs/wrangler-2025-10-05_08-26-44_248.log"
2025-10-05T08:26:51.605Z	Failed: error occurred while running deploy command